"Start of log file."
"C:/Users/peter/DOCUME~1/GitHub/GR7CBB~1/AI_AND~4/AI_AND~1/AI_AND~1/Assets/old/team3D/enemy/ICE_RU~1.MAX"
"Starting max loading and fbx conversion"
window = undefined
"Finished max loading and fbx conversion"
"C:/Users/peter/DOCUME~1/GitHub/GR7CBB~1/AI_AND~4/AI_AND~1/AI_AND~1/Assets/old/team3D/enemy/ice2014.max"
"Starting max loading and fbx conversion"
window = undefined
"Finished max loading and fbx conversion"
"C:/Users/peter/DOCUME~1/GitHub/GR7CBB~1/AI_AND~4/AI_AND~1/AI_AND~1/Assets/old/team3D/enemy/ICE_EA~1.MAX"
"Starting max loading and fbx conversion"
window = undefined
"Finished max loading and fbx conversion"
"C:/Users/peter/DOCUME~1/GitHub/GR7CBB~1/AI_AND~4/AI_AND~1/AI_AND~1/Assets/old/team3D/enemy/ICE_WA~1.MAX"
"Starting max loading and fbx conversion"
window = undefined
"Finished max loading and fbx conversion"
"C:/Users/peter/DOCUME~1/GitHub/GR7CBB~1/AI_AND~4/AI_AND~1/AI_AND~1/Assets/old/team3D/enemy/ICE_AT~1.MAX"
"Starting max loading and fbx conversion"
window = undefined
"Finished max loading and fbx conversion"
"C:/Users/peter/DOCUME~1/GitHub/GR7CBB~1/AI_AND~4/AI_AND~1/AI_AND~1/Assets/old/team3D/enemy/ICE_DE~1.MAX"
"Starting max loading and fbx conversion"
window = undefined
"Finished max loading and fbx conversion"
