"Start of log file."
"C:/Users/Peter/DOCUME~1/GitHub/GRADUA~1/AI_AND~3/AI_AND~1/AI_AND~1/Assets/test/????/??/ICE_SH~1.MAX"
"Starting max loading and fbx conversion"
window = undefined
"Settings units"
"Before fbx export"
"After fbx export"
"Finished max loading and fbx conversion"
"C:/Users/Peter/DOCUME~1/GitHub/GRADUA~1/AI_AND~3/AI_AND~1/AI_AND~1/Assets/test/????/?/ICE_WA~1.MAX"
"Starting max loading and fbx conversion"
window = undefined
"Settings units"
"Before fbx export"
"After fbx export"
"Finished max loading and fbx conversion"
"C:/Users/Peter/DOCUME~1/GitHub/GRADUA~1/AI_AND~3/AI_AND~1/AI_AND~1/Assets/test/????/?/ICE_RU~1.MAX"
"Starting max loading and fbx conversion"
window = undefined
"Settings units"
"Before fbx export"
"After fbx export"
"Finished max loading and fbx conversion"
"C:/Users/Peter/DOCUME~1/GitHub/GRADUA~1/AI_AND~3/AI_AND~1/AI_AND~1/Assets/test/????/??/ICE_AT~1.MAX"
"Starting max loading and fbx conversion"
window = undefined
"Settings units"
"Before fbx export"
"After fbx export"
"Finished max loading and fbx conversion"
"C:/Users/Peter/DOCUME~1/GitHub/GRADUA~1/AI_AND~3/AI_AND~1/AI_AND~1/Assets/test/????/?/yell2014.max"
"Starting max loading and fbx conversion"
window = undefined
"Settings units"
"Before fbx export"
"After fbx export"
"Finished max loading and fbx conversion"
"C:/Users/Peter/DOCUME~1/GitHub/GRADUA~1/AI_AND~3/AI_AND~1/AI_AND~1/Assets/test/????/??/ICE_DE~1.MAX"
"Starting max loading and fbx conversion"
window = undefined
"Settings units"
"Before fbx export"
"After fbx export"
"Finished max loading and fbx conversion"
"C:/Users/Peter/DOCUME~1/GitHub/GRADUA~1/AI_AND~3/AI_AND~1/AI_AND~1/Assets/test/????/??/ICE_SH~1.MAX"
"Starting max loading and fbx conversion"
window = undefined
"Settings units"
"Before fbx export"
"After fbx export"
"Finished max loading and fbx conversion"
"C:/Users/Peter/DOCUME~1/GitHub/GRADUA~1/AI_AND~3/AI_AND~1/AI_AND~1/Assets/test/????/?/ICE_WA~1.MAX"
"Starting max loading and fbx conversion"
window = undefined
"Settings units"
"Before fbx export"
"After fbx export"
"Finished max loading and fbx conversion"
"C:/Users/Peter/DOCUME~1/GitHub/GRADUA~1/AI_AND~3/AI_AND~1/AI_AND~1/Assets/test/????/?/ICE_RU~1.MAX"
"Starting max loading and fbx conversion"
window = undefined
"Settings units"
"Before fbx export"
"After fbx export"
"Finished max loading and fbx conversion"
"C:/Users/Peter/DOCUME~1/GitHub/GRADUA~1/AI_AND~3/AI_AND~1/AI_AND~1/Assets/test/????/??/ICE_AT~1.MAX"
"Starting max loading and fbx conversion"
window = undefined
"Settings units"
"Before fbx export"
"After fbx export"
"Finished max loading and fbx conversion"
"C:/Users/Peter/DOCUME~1/GitHub/GRADUA~1/AI_AND~3/AI_AND~1/AI_AND~1/Assets/test/????/?/yell2014.max"
"Starting max loading and fbx conversion"
window = undefined
"Settings units"
"Before fbx export"
"After fbx export"
"Finished max loading and fbx conversion"
"C:/Users/Peter/DOCUME~1/GitHub/GRADUA~1/AI_AND~3/AI_AND~1/AI_AND~1/Assets/test/????/??/ICE_DE~1.MAX"
"Starting max loading and fbx conversion"
window = undefined
"Settings units"
"Before fbx export"
"After fbx export"
"Finished max loading and fbx conversion"
